[20.5.2024] [SmC]Lezduit [20:02 - 20:29] (Disconnect: Leaving)
[20.5.2024] [SmC]Lezduit [20:29 - 20:29] (XAP reloaded)
[21.5.2024] [SmC]Lezduit [17:25 - 17:35] (Disconnect: Leaving)
[21.5.2024] [SmC]Lezduit [18:02 - 18:14] (Disconnect: Leaving)
[21.5.2024] [SmC]Lezduit [18:18 - 18:21] (Disconnect: Leaving)
[21.5.2024] [SmC]Lezduit [18:21 - 18:22] (XAP reloaded)
[21.5.2024] [SmC]Lezduit [18:22 - 18:22] (Disconnect: Leaving)
[21.5.2024] [SmC]Lezduit [18:22 - 18:22] (Disconnect: Leaving)
[21.5.2024] [SmC]Lezduit [18:23 - 18:23] (Disconnect: Kick/Ban)
[21.5.2024] [SmC]Lezduit [18:24 - 18:24] (Disconnect: Kick/Ban)
[25.5.2024] [SmC]Lezduit [05:43 - 05:43] (Disconnect: Kick/Ban)
[25.5.2024] [SmC]Lezduit [05:46 - 05:46] (Disconnect: Kick/Ban)
[25.5.2024] [SmC]Lezduit [05:47 - 06:02] (Disconnect: Leaving)
[25.5.2024] [SmC]Lezduit [18:08 - 18:10] (Disconnect: Leaving)
[16.6.2024] Lezduit [20:28 - 20:47] (Disconnect: Leaving)
[16.6.2024] Lezduit [22:06 - 22:08] (Disconnect: Leaving)
[16.6.2024] Lezduit [22:29 - 22:29] (Disconnect: Leaving)
[16.6.2024] Lezduit [22:30 - 22:31] (Disconnect: Leaving)
[16.6.2024] Lezduit [22:35 - 22:35] (Disconnect: Kick/Ban)
[16.6.2024] Lezduit [22:53 - 22:55] (Disconnect: Leaving)
[16.6.2024] Lezduit [22:55 - 22:55] (Disconnect: Kick/Ban)
[16.6.2024] Lezduit [23:07 - 23:08] (Disconnect: Leaving)
[16.6.2024] Lezduit [23:12 - 23:13] (Disconnect: Leaving)
[17.6.2024] Lezduit [00:13 - 00:13] (Disconnect: Leaving)
[17.6.2024] Lezduit [00:14 - 00:15] (Disconnect: Kick/Ban)
[17.6.2024] Lezduit [00:19 - 00:20] (Disconnect: Leaving)
[17.6.2024] Lezduit [00:25 - 00:25] (Disconnect: Leaving)
[17.6.2024] Lezduit [17:30 - 17:32] (Disconnect: Leaving)
[17.6.2024] Lezduit [18:12 - 18:15] (Disconnect: Leaving)
[17.6.2024] Lezduit [18:16 - 18:17] (Disconnect: Leaving)
[17.6.2024] Lezduit [18:17 - 18:23] (Disconnect: Leaving)
[17.6.2024] Lezduit [18:23 - 18:24] (Disconnect: Leaving)
[17.6.2024] Lezduit [18:50 - 18:54] (Disconnect: Leaving)
[17.6.2024] Lezduit [23:27 - 23:30] (Disconnect: Leaving)
[19.6.2024] Lezduit [03:08 - 03:08] (Disconnect: Leaving)
[19.6.2024] Lezduit [03:09 - 03:09] (Disconnect: Leaving)
[19.6.2024] Lezduit [03:43 - 04:20] (Disconnect: Leaving)
[19.6.2024] Lezduit [04:20 - 04:25] (Disconnect: Kick/Ban)
[19.6.2024] Lezduit [05:10 - 05:13] (Disconnect: Leaving)
[19.6.2024] Lezduit [17:19 - 17:52] (Disconnect: Leaving)
[19.6.2024] Lezduit [17:53 - 18:00] (Disconnect: Leaving)
[19.6.2024] Lezduit [18:00 - 18:09] (Disconnect: Leaving)
[19.6.2024] Lezduit [18:09 - 18:23] (Disconnect: Leaving)
[19.6.2024] Lezduit [18:24 - 18:24] (Disconnect: Leaving)
[19.6.2024] Lezduit [18:24 - 18:42] (Disconnect: Leaving)
[19.6.2024] Lezduit [18:43 - 18:46] (Disconnect: Leaving)
[19.6.2024] Lezduit [18:46 - 18:52] (Disconnect: Leaving)
[19.6.2024] Lezduit [18:52 - 19:02] (Disconnect: Leaving)
[19.6.2024] Lezduit [19:03 - 19:03] (Disconnect: Leaving)
[19.6.2024] Lezduit [19:04 - 19:04] (Disconnect: Leaving)
[19.6.2024] Lezduit [19:04 - 19:06] (Disconnect: Leaving)
[19.6.2024] Lezduit [19:06 - 19:07] (Disconnect: Leaving)
[19.6.2024] Lezduit [19:09 - 19:10] (Disconnect: Leaving)
[21.6.2024] Lezduit [03:39 - 03:51] (Logout)
[21.6.2024] Lezduit [03:54 - 04:02] (Disconnect: Leaving)
[24.6.2024] Lezduit [07:37 - 07:55] (Disconnect: Leaving)
